<?xml version="1.0" encoding="UTF-8"?>
<testng-results ignored="0" total="18" passed="18" failed="0" skipped="0">
  <reporter-output>
  </reporter-output>
  <suite started-at="2020-11-18T23:26:02 BDT" name="Suite" finished-at="2020-11-18T23:31:51 BDT" duration-ms="349163">
    <groups>
    </groups>
    <test started-at="2020-11-18T23:26:02 BDT" name="Test1" finished-at="2020-11-18T23:26:57 BDT" duration-ms="55274">
      <class name="com.TestCase.TC_1">
        <test-method is-config="true" signature="browser_Config(java.lang.String)[pri:0, instance:com.TestCase.TC_1@3738449f]" started-at="2020-11-18T23:26:02 BDT" name="browser_Config" finished-at="2020-11-18T23:26:13 BDT" duration-ms="11379" status="PASS">
          <params>
            <param index="0">
              <value>
                <![CDATA[chrome]]>
              </value>
            </param>
          </params>
          <reporter-output>
          </reporter-output>
        </test-method> <!-- browser_Config -->
        <test-method signature="login()[pri:0, instance:com.TestCase.TC_1@3738449f]" started-at="2020-11-18T23:26:14 BDT" name="login" description="login goes to manager pager" finished-at="2020-11-18T23:26:45 BDT" duration-ms="31284" status="PASS">
          <reporter-output>
          </reporter-output>
        </test-method> <!-- login -->
        <test-method signature="TestCase1()[pri:0, instance:com.TestCase.TC_1@3738449f]" started-at="2020-11-18T23:26:45 BDT" name="TestCase1" description="Validates Mini Statement with Submit Button &amp; valid_data" finished-at="2020-11-18T23:26:56 BDT" duration-ms="11594" status="PASS">
          <reporter-output>
          </reporter-output>
        </test-method> <!-- TestCase1 -->
        <test-method is-config="true" signature="close()[pri:0, instance:com.TestCase.TC_1@3738449f]" started-at="2020-11-18T23:26:56 BDT" name="close" finished-at="2020-11-18T23:26:57 BDT" duration-ms="945" status="PASS">
          <reporter-output>
          </reporter-output>
        </test-method> <!-- close -->
      </class> <!-- com.TestCase.TC_1 -->
    </test> <!-- Test1 -->
    <test started-at="2020-11-18T23:26:57 BDT" name="Test2" finished-at="2020-11-18T23:27:45 BDT" duration-ms="47723">
      <class name="com.TestCase.TC_2">
        <test-method is-config="true" signature="browser_Config(java.lang.String)[pri:0, instance:com.TestCase.TC_2@57af006c]" started-at="2020-11-18T23:26:57 BDT" name="browser_Config" finished-at="2020-11-18T23:27:01 BDT" duration-ms="4041" status="PASS">
          <params>
            <param index="0">
              <value>
                <![CDATA[chrome]]>
              </value>
            </param>
          </params>
          <reporter-output>
          </reporter-output>
        </test-method> <!-- browser_Config -->
        <test-method signature="login()[pri:0, instance:com.TestCase.TC_2@57af006c]" started-at="2020-11-18T23:27:01 BDT" name="login" description="login goes to manager pager" finished-at="2020-11-18T23:27:43 BDT" duration-ms="41833" status="PASS">
          <reporter-output>
          </reporter-output>
        </test-method> <!-- login -->
        <test-method signature="TestCase2()[pri:0, instance:com.TestCase.TC_2@57af006c]" started-at="2020-11-18T23:27:43 BDT" name="TestCase2" description="Validates Mini Statement with Submit Button &amp; invalid_data_Account no blank" finished-at="2020-11-18T23:27:44 BDT" duration-ms="261" status="PASS">
          <reporter-output>
          </reporter-output>
        </test-method> <!-- TestCase2 -->
        <test-method is-config="true" signature="close()[pri:0, instance:com.TestCase.TC_2@57af006c]" started-at="2020-11-18T23:27:44 BDT" name="close" finished-at="2020-11-18T23:27:45 BDT" duration-ms="1574" status="PASS">
          <reporter-output>
          </reporter-output>
        </test-method> <!-- close -->
      </class> <!-- com.TestCase.TC_2 -->
    </test> <!-- Test2 -->
    <test started-at="2020-11-18T23:27:45 BDT" name="Test3" finished-at="2020-11-18T23:28:22 BDT" duration-ms="36948">
      <class name="com.TestCase.TC_3">
        <test-method is-config="true" signature="browser_Config(java.lang.String)[pri:0, instance:com.TestCase.TC_3@69997e9d]" started-at="2020-11-18T23:27:45 BDT" name="browser_Config" finished-at="2020-11-18T23:27:49 BDT" duration-ms="4059" status="PASS">
          <params>
            <param index="0">
              <value>
                <![CDATA[chrome]]>
              </value>
            </param>
          </params>
          <reporter-output>
          </reporter-output>
        </test-method> <!-- browser_Config -->
        <test-method signature="login()[pri:0, instance:com.TestCase.TC_3@69997e9d]" started-at="2020-11-18T23:27:49 BDT" name="login" description="login goes to manager pager" finished-at="2020-11-18T23:28:21 BDT" duration-ms="31754" status="PASS">
          <reporter-output>
          </reporter-output>
        </test-method> <!-- login -->
        <test-method signature="TestCase3()[pri:0, instance:com.TestCase.TC_3@69997e9d]" started-at="2020-11-18T23:28:21 BDT" name="TestCase3" description="Validates Mini Statement with Submit Button &amp; invalid_data_Account no with special characters" finished-at="2020-11-18T23:28:21 BDT" duration-ms="345" status="PASS">
          <reporter-output>
          </reporter-output>
        </test-method> <!-- TestCase3 -->
        <test-method is-config="true" signature="close()[pri:0, instance:com.TestCase.TC_3@69997e9d]" started-at="2020-11-18T23:28:21 BDT" name="close" finished-at="2020-11-18T23:28:22 BDT" duration-ms="784" status="PASS">
          <reporter-output>
          </reporter-output>
        </test-method> <!-- close -->
      </class> <!-- com.TestCase.TC_3 -->
    </test> <!-- Test3 -->
    <test started-at="2020-11-18T23:28:22 BDT" name="Test4" finished-at="2020-11-18T23:29:00 BDT" duration-ms="37480">
      <class name="com.TestCase.TC_4">
        <test-method is-config="true" signature="browser_Config(java.lang.String)[pri:0, instance:com.TestCase.TC_4@7ea9e1e2]" started-at="2020-11-18T23:28:22 BDT" name="browser_Config" finished-at="2020-11-18T23:28:26 BDT" duration-ms="4046" status="PASS">
          <params>
            <param index="0">
              <value>
                <![CDATA[chrome]]>
              </value>
            </param>
          </params>
          <reporter-output>
          </reporter-output>
        </test-method> <!-- browser_Config -->
        <test-method signature="login()[pri:0, instance:com.TestCase.TC_4@7ea9e1e2]" started-at="2020-11-18T23:28:26 BDT" name="login" description="login goes to manager pager" finished-at="2020-11-18T23:28:58 BDT" duration-ms="32073" status="PASS">
          <reporter-output>
          </reporter-output>
        </test-method> <!-- login -->
        <test-method signature="TestCase4()[pri:0, instance:com.TestCase.TC_4@7ea9e1e2]" started-at="2020-11-18T23:28:58 BDT" name="TestCase4" description="Validates Mini Statement with Submit Button &amp; invalid_data_Account no with characters" finished-at="2020-11-18T23:28:58 BDT" duration-ms="293" status="PASS">
          <reporter-output>
          </reporter-output>
        </test-method> <!-- TestCase4 -->
        <test-method is-config="true" signature="close()[pri:0, instance:com.TestCase.TC_4@7ea9e1e2]" started-at="2020-11-18T23:28:58 BDT" name="close" finished-at="2020-11-18T23:29:00 BDT" duration-ms="1063" status="PASS">
          <reporter-output>
          </reporter-output>
        </test-method> <!-- close -->
      </class> <!-- com.TestCase.TC_4 -->
    </test> <!-- Test4 -->
    <test started-at="2020-11-18T23:29:00 BDT" name="Test5" finished-at="2020-11-18T23:29:43 BDT" duration-ms="43656">
      <class name="com.TestCase.TC_5">
        <test-method is-config="true" signature="browser_Config(java.lang.String)[pri:0, instance:com.TestCase.TC_5@7a419da4]" started-at="2020-11-18T23:29:00 BDT" name="browser_Config" finished-at="2020-11-18T23:29:04 BDT" duration-ms="4072" status="PASS">
          <params>
            <param index="0">
              <value>
                <![CDATA[chrome]]>
              </value>
            </param>
          </params>
          <reporter-output>
          </reporter-output>
        </test-method> <!-- browser_Config -->
        <test-method signature="login()[pri:0, instance:com.TestCase.TC_5@7a419da4]" started-at="2020-11-18T23:29:04 BDT" name="login" description="login goes to manager pager" finished-at="2020-11-18T23:29:37 BDT" duration-ms="33592" status="PASS">
          <reporter-output>
          </reporter-output>
        </test-method> <!-- login -->
        <test-method signature="TestCase5()[pri:0, instance:com.TestCase.TC_5@7a419da4]" started-at="2020-11-18T23:29:37 BDT" name="TestCase5" description="Validates Mini Statement with Submit Button &amp; invalid_data_Account no invalid" finished-at="2020-11-18T23:29:42 BDT" duration-ms="5060" status="PASS">
          <reporter-output>
          </reporter-output>
        </test-method> <!-- TestCase5 -->
        <test-method is-config="true" signature="close()[pri:0, instance:com.TestCase.TC_5@7a419da4]" started-at="2020-11-18T23:29:42 BDT" name="close" finished-at="2020-11-18T23:29:43 BDT" duration-ms="926" status="PASS">
          <reporter-output>
          </reporter-output>
        </test-method> <!-- close -->
      </class> <!-- com.TestCase.TC_5 -->
    </test> <!-- Test5 -->
    <test started-at="2020-11-18T23:29:43 BDT" name="Test6" finished-at="2020-11-18T23:30:19 BDT" duration-ms="35882">
      <class name="com.TestCase.TC_6">
        <test-method is-config="true" signature="browser_Config(java.lang.String)[pri:0, instance:com.TestCase.TC_6@10d307f1]" started-at="2020-11-18T23:29:43 BDT" name="browser_Config" finished-at="2020-11-18T23:29:47 BDT" duration-ms="3886" status="PASS">
          <params>
            <param index="0">
              <value>
                <![CDATA[chrome]]>
              </value>
            </param>
          </params>
          <reporter-output>
          </reporter-output>
        </test-method> <!-- browser_Config -->
        <test-method signature="login()[pri:0, instance:com.TestCase.TC_6@10d307f1]" started-at="2020-11-18T23:29:47 BDT" name="login" description="login goes to manager pager" finished-at="2020-11-18T23:30:18 BDT" duration-ms="30989" status="PASS">
          <reporter-output>
          </reporter-output>
        </test-method> <!-- login -->
        <test-method signature="TestCase6()[pri:0, instance:com.TestCase.TC_6@10d307f1]" started-at="2020-11-18T23:30:18 BDT" name="TestCase6" description="Validates Mini Statement with invalid_data_Account no is blank" finished-at="2020-11-18T23:30:18 BDT" duration-ms="152" status="PASS">
          <reporter-output>
          </reporter-output>
        </test-method> <!-- TestCase6 -->
        <test-method is-config="true" signature="close()[pri:0, instance:com.TestCase.TC_6@10d307f1]" started-at="2020-11-18T23:30:18 BDT" name="close" finished-at="2020-11-18T23:30:19 BDT" duration-ms="851" status="PASS">
          <reporter-output>
          </reporter-output>
        </test-method> <!-- close -->
      </class> <!-- com.TestCase.TC_6 -->
    </test> <!-- Test6 -->
    <test started-at="2020-11-18T23:30:19 BDT" name="Test7" finished-at="2020-11-18T23:30:47 BDT" duration-ms="27872">
      <class name="com.TestCase.TC_7">
        <test-method is-config="true" signature="browser_Config(java.lang.String)[pri:0, instance:com.TestCase.TC_7@32b260fa]" started-at="2020-11-18T23:30:19 BDT" name="browser_Config" finished-at="2020-11-18T23:30:23 BDT" duration-ms="3593" status="PASS">
          <params>
            <param index="0">
              <value>
                <![CDATA[chrome]]>
              </value>
            </param>
          </params>
          <reporter-output>
          </reporter-output>
        </test-method> <!-- browser_Config -->
        <test-method signature="login()[pri:0, instance:com.TestCase.TC_7@32b260fa]" started-at="2020-11-18T23:30:23 BDT" name="login" description="login goes to manager pager" finished-at="2020-11-18T23:30:46 BDT" duration-ms="23339" status="PASS">
          <reporter-output>
          </reporter-output>
        </test-method> <!-- login -->
        <test-method signature="TestCase7()[pri:0, instance:com.TestCase.TC_7@32b260fa]" started-at="2020-11-18T23:30:46 BDT" name="TestCase7" description="Validates Mini Statement with invalid_data_Account no with special characters" finished-at="2020-11-18T23:30:46 BDT" duration-ms="150" status="PASS">
          <reporter-output>
          </reporter-output>
        </test-method> <!-- TestCase7 -->
        <test-method is-config="true" signature="close()[pri:0, instance:com.TestCase.TC_7@32b260fa]" started-at="2020-11-18T23:30:46 BDT" name="close" finished-at="2020-11-18T23:30:47 BDT" duration-ms="785" status="PASS">
          <reporter-output>
          </reporter-output>
        </test-method> <!-- close -->
      </class> <!-- com.TestCase.TC_7 -->
    </test> <!-- Test7 -->
    <test started-at="2020-11-18T23:30:47 BDT" name="Test8" finished-at="2020-11-18T23:31:20 BDT" duration-ms="32536">
      <class name="com.TestCase.TC_8">
        <test-method is-config="true" signature="browser_Config(java.lang.String)[pri:0, instance:com.TestCase.TC_8@fa49800]" started-at="2020-11-18T23:30:47 BDT" name="browser_Config" finished-at="2020-11-18T23:30:50 BDT" duration-ms="3268" status="PASS">
          <params>
            <param index="0">
              <value>
                <![CDATA[chrome]]>
              </value>
            </param>
          </params>
          <reporter-output>
          </reporter-output>
        </test-method> <!-- browser_Config -->
        <test-method signature="login()[pri:0, instance:com.TestCase.TC_8@fa49800]" started-at="2020-11-18T23:30:50 BDT" name="login" description="login goes to manager pager" finished-at="2020-11-18T23:31:19 BDT" duration-ms="28302" status="PASS">
          <reporter-output>
          </reporter-output>
        </test-method> <!-- login -->
        <test-method signature="TestCase8()[pri:0, instance:com.TestCase.TC_8@fa49800]" started-at="2020-11-18T23:31:19 BDT" name="TestCase8" description="Validates Mini Statement with invalid_data_Account no with characters" finished-at="2020-11-18T23:31:19 BDT" duration-ms="170" status="PASS">
          <reporter-output>
          </reporter-output>
        </test-method> <!-- TestCase8 -->
        <test-method is-config="true" signature="close()[pri:0, instance:com.TestCase.TC_8@fa49800]" started-at="2020-11-18T23:31:19 BDT" name="close" finished-at="2020-11-18T23:31:20 BDT" duration-ms="788" status="PASS">
          <reporter-output>
          </reporter-output>
        </test-method> <!-- close -->
      </class> <!-- com.TestCase.TC_8 -->
    </test> <!-- Test8 -->
    <test started-at="2020-11-18T23:31:20 BDT" name="Test9" finished-at="2020-11-18T23:31:51 BDT" duration-ms="31693">
      <class name="com.TestCase.TC_9">
        <test-method is-config="true" signature="browser_Config(java.lang.String)[pri:0, instance:com.TestCase.TC_9@25084a1e]" started-at="2020-11-18T23:31:20 BDT" name="browser_Config" finished-at="2020-11-18T23:31:23 BDT" duration-ms="3438" status="PASS">
          <params>
            <param index="0">
              <value>
                <![CDATA[chrome]]>
              </value>
            </param>
          </params>
          <reporter-output>
          </reporter-output>
        </test-method> <!-- browser_Config -->
        <test-method signature="login()[pri:0, instance:com.TestCase.TC_9@25084a1e]" started-at="2020-11-18T23:31:23 BDT" name="login" description="login goes to manager pager" finished-at="2020-11-18T23:31:50 BDT" duration-ms="27159" status="PASS">
          <reporter-output>
          </reporter-output>
        </test-method> <!-- login -->
        <test-method signature="TestCase9()[pri:0, instance:com.TestCase.TC_9@25084a1e]" started-at="2020-11-18T23:31:50 BDT" name="TestCase9" description="Validates Mini Statement with Reset button" finished-at="2020-11-18T23:31:50 BDT" duration-ms="285" status="PASS">
          <reporter-output>
          </reporter-output>
        </test-method> <!-- TestCase9 -->
        <test-method is-config="true" signature="close()[pri:0, instance:com.TestCase.TC_9@25084a1e]" started-at="2020-11-18T23:31:50 BDT" name="close" finished-at="2020-11-18T23:31:51 BDT" duration-ms="803" status="PASS">
          <reporter-output>
          </reporter-output>
        </test-method> <!-- close -->
      </class> <!-- com.TestCase.TC_9 -->
    </test> <!-- Test9 -->
  </suite> <!-- Suite -->
</testng-results>
